  P03.cpp
C:\Users\anton\OneDrive\Documentos\LabCGeiHC_ToledoValencia\Practica_3\Practica_3\Window.h(12,36): warning C4244: 'return': conversión de 'GLint' a 'GLfloat'; posible pérdida de datos
  (compilando archivo de origen "P03.cpp")
  
C:\Users\anton\OneDrive\Documentos\LabCGeiHC_ToledoValencia\Practica_3\Practica_3\Window.h(13,37): warning C4244: 'return': conversión de 'GLint' a 'GLfloat'; posible pérdida de datos
  (compilando archivo de origen "P03.cpp")
  
C:\Users\anton\OneDrive\Documentos\LabCGeiHC_ToledoValencia\Practica_3\Practica_3\P03.cpp(27,37): warning C4305: 'inicializando': truncamiento de 'double' a 'float'
C:\Users\anton\OneDrive\Documentos\LabCGeiHC_ToledoValencia\Practica_3\Practica_3\P03.cpp(197,16): warning C4018: '<': no coinciden signed/unsigned
C:\Users\anton\OneDrive\Documentos\LabCGeiHC_ToledoValencia\Practica_3\Practica_3\P03.cpp(239,32): warning C4244: 'argumento': conversión de 'double' a '_Ty'; posible pérdida de datos
C:\Users\anton\OneDrive\Documentos\LabCGeiHC_ToledoValencia\Practica_3\Practica_3\P03.cpp(239,32): warning C4244:         with
C:\Users\anton\OneDrive\Documentos\LabCGeiHC_ToledoValencia\Practica_3\Practica_3\P03.cpp(239,32): warning C4244:         [
C:\Users\anton\OneDrive\Documentos\LabCGeiHC_ToledoValencia\Practica_3\Practica_3\P03.cpp(239,32): warning C4244:             _Ty=GLfloat
C:\Users\anton\OneDrive\Documentos\LabCGeiHC_ToledoValencia\Practica_3\Practica_3\P03.cpp(239,32): warning C4244:         ]
C:\Users\anton\OneDrive\Documentos\LabCGeiHC_ToledoValencia\Practica_3\Practica_3\P03.cpp(241,32): warning C4244: 'argumento': conversión de 'double' a '_Ty'; posible pérdida de datos
C:\Users\anton\OneDrive\Documentos\LabCGeiHC_ToledoValencia\Practica_3\Practica_3\P03.cpp(241,32): warning C4244:         with
C:\Users\anton\OneDrive\Documentos\LabCGeiHC_ToledoValencia\Practica_3\Practica_3\P03.cpp(241,32): warning C4244:         [
C:\Users\anton\OneDrive\Documentos\LabCGeiHC_ToledoValencia\Practica_3\Practica_3\P03.cpp(241,32): warning C4244:             _Ty=GLfloat
C:\Users\anton\OneDrive\Documentos\LabCGeiHC_ToledoValencia\Practica_3\Practica_3\P03.cpp(241,32): warning C4244:         ]
C:\Users\anton\OneDrive\Documentos\LabCGeiHC_ToledoValencia\Practica_3\Practica_3\P03.cpp(338,15): warning C4244: 'inicializando': conversión de 'double' a 'GLfloat'; posible pérdida de datos
C:\Users\anton\OneDrive\Documentos\LabCGeiHC_ToledoValencia\Practica_3\Practica_3\P03.cpp(340,33): warning C4244: '+=': conversión de 'double' a 'GLfloat'; posible pérdida de datos
LINK : warning LNK4098: la biblioteca predeterminada'MSVCRT' entra en conflicto con otras bibliotecas; use la biblioteca /NODEFAULTLIB:biblioteca
  Practica_3.vcxproj -> C:\Users\anton\OneDrive\Documentos\LabCGeiHC_ToledoValencia\Practica_3\Debug\Practica_3.exe
